*** Using Compiler 'V5.06 update 6 (build 750)', folder: 'C:\Keil_v5\ARM\ARMCC\Bin'
Build target 'F103'
compiling misc.c...
compiling delay.c...
compiling oled.c...
compiling timer.c...
compiling stm32f10x_it.c...
compiling core_cm3.c...
compiling sys.c...
compiling system_stm32f10x.c...
compiling led_key.c...
compiling 24C08.c...
compiling usart.c...
compiling stm32f10x_adc.c...
compiling main.c...
USER\main.c(97): warning:  #167-D: argument of type "u8 *" is incompatible with parameter of type "char *restrict"
              sprintf(oled_show, "cnt:%d", oled_cnt);
USER\main.c(85): warning:  #177-D: variable "tick_500ms"  was declared but never referenced
      int tick_500ms = 0;
USER\main.c: 2 warnings, 0 errors
compiling stm32f10x_bkp.c...
compiling stm32f10x_crc.c...
compiling stm32f10x_dac.c...
compiling stm32f10x_cec.c...
compiling stm32f10x_dbgmcu.c...
compiling stm32f10x_can.c...
compiling stm32f10x_dma.c...
compiling stm32f10x_exti.c...
compiling stm32f10x_gpio.c...
compiling stm32f10x_fsmc.c...
compiling stm32f10x_iwdg.c...
compiling stm32f10x_flash.c...
compiling stm32f10x_i2c.c...
compiling stm32f10x_pwr.c...
compiling stm32f10x_rtc.c...
compiling stm32f10x_sdio.c...
compiling stm32f10x_wwdg.c...
compiling stm32f10x_rcc.c...
compiling stm32f10x_usart.c...
compiling stm32f10x_spi.c...
compiling stm32f10x_tim.c...
linking...
Program Size: Code=13204 RO-data=2448 RW-data=928 ZI-data=1880  
FromELF: creating hex file...
"..\OBJ\F103.axf" - 0 Error(s), 2 Warning(s).
Build Time Elapsed:  00:00:07
